<?xml version="1.0" encoding="UTF-8"?>
<!-- Generated by org.testng.reporters.JUnitReportReporter -->
<testsuite name="NewVersion.com.kemix.Execution" tests="3" time="13.089" ignored="0" failures="0" timestamp="24 Jun 2018 14:54:19 GMT" skipped="0" hostname="hp" errors="0">
  <testcase name="VerifySearchBranch" time="5.251" classname="NewVersion.com.kemix.Execution"/>
  <testcase name="VerifyClickBranches" time="2.387" classname="NewVersion.com.kemix.Execution"/>
  <testcase name="Verifylogin" time="5.451" classname="NewVersion.com.kemix.Execution"/>
</testsuite> <!-- NewVersion.com.kemix.Execution -->
