<?xml version="1.0" encoding="UTF-8"?>
<!-- Generated by org.testng.reporters.JUnitReportReporter -->
<testsuite name="NewVersion.com.kemix.Execution" tests="3" time="18.204" ignored="0" failures="0" timestamp="30 May 2018 04:07:47 GMT" skipped="0" hostname="hp" errors="0">
  <testcase name="VerifyClickBranches" time="4.372" classname="NewVersion.com.kemix.Execution"/>
  <testcase name="Verifylogin" time="9.176" classname="NewVersion.com.kemix.Execution"/>
  <testcase name="VerifySearchBranch" time="4.656" classname="NewVersion.com.kemix.Execution"/>
</testsuite> <!-- NewVersion.com.kemix.Execution -->
